2018-07-26 01:39:14.735 [main] DEBUG com.zcb.o2o.dao.AreaDao.queryArea - ==>  Preparing: SELECT area_id, area_name, priority, create_time, last_edit_time FROM tb_area ORDER BY priority DESC 
2018-07-26 01:39:14.770 [main] DEBUG com.zcb.o2o.dao.AreaDao.queryArea - ==> Parameters: 
2018-07-26 01:39:14.805 [main] DEBUG com.zcb.o2o.dao.AreaDao.queryArea - <==      Total: 2
2018-07-26 01:48:33.665 [main] DEBUG com.zcb.o2o.dao.AreaDao.queryArea - ==>  Preparing: SELECT area_id, area_name, priority, create_time, last_edit_time FROM tb_area ORDER BY priority DESC 
2018-07-26 01:48:33.707 [main] DEBUG com.zcb.o2o.dao.AreaDao.queryArea - ==> Parameters: 
2018-07-26 01:48:33.739 [main] DEBUG com.zcb.o2o.dao.AreaDao.queryArea - <==      Total: 2
2018-07-26 02:26:29.342 [main] DEBUG com.zcb.o2o.dao.ShopDao.insertShop - ==>  Preparing: INSERT INTO tb_shop(owner_id, area_id, shop_category_id, shop_name, shop_desc, shop_addr, phone, shop_img, priority, create_time, last_edit_time, enable_status, advice) VALUES (?,?,?,?, ?,?,?,?,?, ?,?, ?,?) 
2018-07-26 02:26:29.378 [main] DEBUG com.zcb.o2o.dao.ShopDao.insertShop - ==> Parameters: 1(Long), 1(Integer), 1(Long), 店铺测试3(String), test3(String), test3(String), test3(String), null, null, 2018-07-26 02:26:29.312(Timestamp), 2018-07-26 02:26:29.312(Timestamp), 0(Integer), 审核中(String)
2018-07-26 02:26:29.399 [main] DEBUG com.zcb.o2o.dao.ShopDao.insertShop - <==    Updates: 1
2018-07-26 02:26:29.411 [main] DEBUG com.zcb.o2o.util.ImageUtil - current relativeAddr is:upload/item/shop/21/2018072602262990046.jpeg
2018-07-26 02:26:29.411 [main] DEBUG com.zcb.o2o.util.ImageUtil - current complete addr is:/Users/zcb/eclipse-workspace/o2o/image/upload/item/shop/21/2018072602262990046.jpeg
2018-07-26 02:26:30.191 [main] DEBUG com.zcb.o2o.dao.ShopDao.updateShop - ==>  Preparing: update tb_shop SET shop_name=?, shop_desc=?, shop_addr=?, phone=?, shop_img=?, last_edit_time=?, enable_status=?, advice=?, area_id=?, shop_category_id=? where shop_id=? 
2018-07-26 02:26:30.192 [main] DEBUG com.zcb.o2o.dao.ShopDao.updateShop - ==> Parameters: 店铺测试3(String), test3(String), test3(String), test3(String), upload/item/shop/21/2018072602262990046.jpeg(String), 2018-07-26 02:26:29.312(Timestamp), 0(Integer), 审核中(String), 1(Integer), 1(Long), 21(Long)
2018-07-26 02:26:30.204 [main] DEBUG com.zcb.o2o.dao.ShopDao.updateShop - <==    Updates: 1
2018-07-26 02:26:30.227 [main] DEBUG com.zcb.o2o.dao.ShopDao.queryByShopId - ==>  Preparing: SELECT s.shop_id, s.shop_name, s.shop_desc, s.shop_addr, s.phone, s.shop_img, s.priority, s.create_time, s.last_edit_time, s.enable_status, s.advice, a.area_id, a.area_name, sc.shop_category_id, sc.shop_category_name FROM tb_shop s, tb_area a, tb_shop_category sc WHERE s.area_id=a.area_id AND s.shop_category_id = sc.shop_category_id AND s.shop_id = ? 
2018-07-26 02:26:30.227 [main] DEBUG com.zcb.o2o.dao.ShopDao.queryByShopId - ==> Parameters: 14(Long)
2018-07-26 02:26:30.306 [main] DEBUG com.zcb.o2o.dao.ShopDao.queryByShopId - <==      Total: 1
2018-07-26 02:26:30.314 [main] DEBUG com.zcb.o2o.util.ImageUtil - current relativeAddr is:upload/item/shop/14/2018072602263030923.jpeg
2018-07-26 02:26:30.315 [main] DEBUG com.zcb.o2o.util.ImageUtil - current complete addr is:/Users/zcb/eclipse-workspace/o2o/image/upload/item/shop/14/2018072602263030923.jpeg
2018-07-26 02:26:30.434 [main] DEBUG com.zcb.o2o.dao.ShopDao.updateShop - ==>  Preparing: update tb_shop SET shop_name=?, shop_img=?, last_edit_time=? where shop_id=? 
2018-07-26 02:26:30.437 [main] DEBUG com.zcb.o2o.dao.ShopDao.updateShop - ==> Parameters: 修改后的店铺名称(String), upload/item/shop/14/2018072602263030923.jpeg(String), 2018-07-26 02:26:30.433(Timestamp), 14(Long)
2018-07-26 02:26:30.447 [main] DEBUG com.zcb.o2o.dao.ShopDao.updateShop - <==    Updates: 1
2018-07-26 02:26:30.447 [main] DEBUG com.zcb.o2o.dao.ShopDao.queryByShopId - ==>  Preparing: SELECT s.shop_id, s.shop_name, s.shop_desc, s.shop_addr, s.phone, s.shop_img, s.priority, s.create_time, s.last_edit_time, s.enable_status, s.advice, a.area_id, a.area_name, sc.shop_category_id, sc.shop_category_name FROM tb_shop s, tb_area a, tb_shop_category sc WHERE s.area_id=a.area_id AND s.shop_category_id = sc.shop_category_id AND s.shop_id = ? 
2018-07-26 02:26:30.448 [main] DEBUG com.zcb.o2o.dao.ShopDao.queryByShopId - ==> Parameters: 14(Long)
2018-07-26 02:26:30.452 [main] DEBUG com.zcb.o2o.dao.ShopDao.queryByShopId - <==      Total: 1
2018-07-26 19:02:08.211 [main] DEBUG com.zcb.o2o.dao.ShopDao.insertShop - ==>  Preparing: INSERT INTO tb_shop(owner_id, area_id, shop_category_id, shop_name, shop_desc, shop_addr, phone, shop_img, priority, create_time, last_edit_time, enable_status, advice) VALUES (?,?,?,?, ?,?,?,?,?, ?,?, ?,?) 
2018-07-26 19:02:08.247 [main] DEBUG com.zcb.o2o.dao.ShopDao.insertShop - ==> Parameters: 1(Long), 1(Integer), 1(Long), 店铺测试3(String), test3(String), test3(String), test3(String), null, null, 2018-07-26 19:02:08.18(Timestamp), 2018-07-26 19:02:08.18(Timestamp), 0(Integer), 审核中(String)
2018-07-26 19:02:08.305 [main] DEBUG com.zcb.o2o.dao.ShopDao.insertShop - <==    Updates: 1
2018-07-26 19:02:08.319 [main] DEBUG com.zcb.o2o.util.ImageUtil - current relativeAddr is:upload/item/shop/22/2018072619020853457.jpeg
2018-07-26 19:02:08.320 [main] DEBUG com.zcb.o2o.util.ImageUtil - current complete addr is:/Users/zcb/eclipse-workspace/o2o/image/upload/item/shop/22/2018072619020853457.jpeg
2018-07-26 19:02:09.334 [main] DEBUG com.zcb.o2o.dao.ShopDao.updateShop - ==>  Preparing: update tb_shop SET shop_name=?, shop_desc=?, shop_addr=?, phone=?, shop_img=?, last_edit_time=?, enable_status=?, advice=?, area_id=?, shop_category_id=? where shop_id=? 
2018-07-26 19:02:09.335 [main] DEBUG com.zcb.o2o.dao.ShopDao.updateShop - ==> Parameters: 店铺测试3(String), test3(String), test3(String), test3(String), upload/item/shop/22/2018072619020853457.jpeg(String), 2018-07-26 19:02:08.18(Timestamp), 0(Integer), 审核中(String), 1(Integer), 1(Long), 22(Long)
2018-07-26 19:02:09.376 [main] DEBUG com.zcb.o2o.dao.ShopDao.updateShop - <==    Updates: 1
2018-07-26 19:02:09.437 [main] DEBUG com.zcb.o2o.dao.ShopDao.queryByShopId - ==>  Preparing: SELECT s.shop_id, s.shop_name, s.shop_desc, s.shop_addr, s.phone, s.shop_img, s.priority, s.create_time, s.last_edit_time, s.enable_status, s.advice, a.area_id, a.area_name, sc.shop_category_id, sc.shop_category_name FROM tb_shop s, tb_area a, tb_shop_category sc WHERE s.area_id=a.area_id AND s.shop_category_id = sc.shop_category_id AND s.shop_id = ? 
2018-07-26 19:02:09.437 [main] DEBUG com.zcb.o2o.dao.ShopDao.queryByShopId - ==> Parameters: 14(Long)
2018-07-26 19:02:09.471 [main] DEBUG com.zcb.o2o.dao.ShopDao.queryByShopId - <==      Total: 1
2018-07-26 19:02:09.480 [main] DEBUG com.zcb.o2o.util.ImageUtil - current relativeAddr is:upload/item/shop/14/2018072619020918918.jpeg
2018-07-26 19:02:09.481 [main] DEBUG com.zcb.o2o.util.ImageUtil - current complete addr is:/Users/zcb/eclipse-workspace/o2o/image/upload/item/shop/14/2018072619020918918.jpeg
2018-07-26 19:02:09.580 [main] DEBUG com.zcb.o2o.dao.ShopDao.updateShop - ==>  Preparing: update tb_shop SET shop_name=?, shop_img=?, last_edit_time=? where shop_id=? 
2018-07-26 19:02:09.581 [main] DEBUG com.zcb.o2o.dao.ShopDao.updateShop - ==> Parameters: 修改后的店铺名称(String), upload/item/shop/14/2018072619020918918.jpeg(String), 2018-07-26 19:02:09.58(Timestamp), 14(Long)
2018-07-26 19:02:09.613 [main] DEBUG com.zcb.o2o.dao.ShopDao.updateShop - <==    Updates: 1
2018-07-26 19:02:09.614 [main] DEBUG com.zcb.o2o.dao.ShopDao.queryByShopId - ==>  Preparing: SELECT s.shop_id, s.shop_name, s.shop_desc, s.shop_addr, s.phone, s.shop_img, s.priority, s.create_time, s.last_edit_time, s.enable_status, s.advice, a.area_id, a.area_name, sc.shop_category_id, sc.shop_category_name FROM tb_shop s, tb_area a, tb_shop_category sc WHERE s.area_id=a.area_id AND s.shop_category_id = sc.shop_category_id AND s.shop_id = ? 
2018-07-26 19:02:09.615 [main] DEBUG com.zcb.o2o.dao.ShopDao.queryByShopId - ==> Parameters: 14(Long)
2018-07-26 19:02:09.631 [main] DEBUG com.zcb.o2o.dao.ShopDao.queryByShopId - <==      Total: 1
2018-07-26 20:07:15.677 [main] DEBUG com.zcb.o2o.dao.ShopDao.queryShopList - ==>  Preparing: SELECT s.shop_id, s.shop_name, s.shop_desc, s.shop_addr, s.phone, s.shop_img, s.priority, s.create_time, s.last_edit_time, s.enable_status, s.advice, a.area_id, a.area_name, sc.shop_category_id, sc.shop_category_name FROM tb_shop s, tb_area a, tb_shop_category sc WHERE s.owner_id = ? AND s.area_id=a.area_id AND s.shop_category_id = sc.shop_category_id ORDER BY s.priority DESC LIMIT ?,?; 
2018-07-26 20:07:15.712 [main] DEBUG com.zcb.o2o.dao.ShopDao.queryShopList - ==> Parameters: 1(Long), 0(Integer), 6(Integer)
2018-07-26 20:07:15.756 [main] DEBUG com.zcb.o2o.dao.ShopDao.queryShopList - <==      Total: 6
2018-07-26 20:07:43.241 [main] DEBUG com.zcb.o2o.dao.ShopDao.queryShopList - ==>  Preparing: SELECT s.shop_id, s.shop_name, s.shop_desc, s.shop_addr, s.phone, s.shop_img, s.priority, s.create_time, s.last_edit_time, s.enable_status, s.advice, a.area_id, a.area_name, sc.shop_category_id, sc.shop_category_name FROM tb_shop s, tb_area a, tb_shop_category sc WHERE s.owner_id = ? AND s.area_id=a.area_id AND s.shop_category_id = sc.shop_category_id ORDER BY s.priority DESC LIMIT ?,?; 
2018-07-26 20:07:43.269 [main] DEBUG com.zcb.o2o.dao.ShopDao.queryShopList - ==> Parameters: 1(Long), 0(Integer), 6(Integer)
2018-07-26 20:07:43.317 [main] DEBUG com.zcb.o2o.dao.ShopDao.queryShopList - <==      Total: 6
2018-07-26 20:14:08.630 [main] DEBUG com.zcb.o2o.dao.ShopDao.queryShopList - ==>  Preparing: SELECT s.shop_id, s.shop_name, s.shop_desc, s.shop_addr, s.phone, s.shop_img, s.priority, s.create_time, s.last_edit_time, s.enable_status, s.advice, a.area_id, a.area_name, sc.shop_category_id, sc.shop_category_name FROM tb_shop s, tb_area a, tb_shop_category sc WHERE s.owner_id = ? AND s.area_id=a.area_id AND s.shop_category_id = sc.shop_category_id ORDER BY s.priority DESC LIMIT ?,?; 
2018-07-26 20:14:08.655 [main] DEBUG com.zcb.o2o.dao.ShopDao.queryShopList - ==> Parameters: 1(Long), 0(Integer), 5(Integer)
2018-07-26 20:14:08.696 [main] DEBUG com.zcb.o2o.dao.ShopDao.queryShopList - <==      Total: 5
2018-07-26 20:14:47.023 [main] DEBUG com.zcb.o2o.dao.ShopDao.queryShopList - ==>  Preparing: SELECT s.shop_id, s.shop_name, s.shop_desc, s.shop_addr, s.phone, s.shop_img, s.priority, s.create_time, s.last_edit_time, s.enable_status, s.advice, a.area_id, a.area_name, sc.shop_category_id, sc.shop_category_name FROM tb_shop s, tb_area a, tb_shop_category sc WHERE s.owner_id = ? AND s.area_id=a.area_id AND s.shop_category_id = sc.shop_category_id ORDER BY s.priority DESC LIMIT ?,?; 
2018-07-26 20:14:47.051 [main] DEBUG com.zcb.o2o.dao.ShopDao.queryShopList - ==> Parameters: 1(Long), 0(Integer), 5(Integer)
2018-07-26 20:14:47.100 [main] DEBUG com.zcb.o2o.dao.ShopDao.queryShopList - <==      Total: 5
2018-07-26 20:17:44.667 [main] DEBUG com.zcb.o2o.dao.ShopDao.queryShopList - ==>  Preparing: SELECT s.shop_id, s.shop_name, s.shop_desc, s.shop_addr, s.phone, s.shop_img, s.priority, s.create_time, s.last_edit_time, s.enable_status, s.advice, a.area_id, a.area_name, sc.shop_category_id, sc.shop_category_name FROM tb_shop s, tb_area a, tb_shop_category sc WHERE s.owner_id = ? AND s.area_id=a.area_id AND s.shop_category_id = sc.shop_category_id ORDER BY s.priority DESC LIMIT ?,?; 
2018-07-26 20:17:44.694 [main] DEBUG com.zcb.o2o.dao.ShopDao.queryShopList - ==> Parameters: 1(Long), 0(Integer), 5(Integer)
2018-07-26 20:17:44.744 [main] DEBUG com.zcb.o2o.dao.ShopDao.queryShopList - <==      Total: 5
2018-07-26 20:17:44.750 [main] DEBUG com.zcb.o2o.dao.ShopDao.queryShopCount - ==>  Preparing: select count(1) from tb_shop s,tb_area a,tb_shop_category sc WHERE s.owner_id = ? AND s.area_id=a.area_id AND s.shop_category_id = sc.shop_category_id 
2018-07-26 20:17:44.750 [main] DEBUG com.zcb.o2o.dao.ShopDao.queryShopCount - ==> Parameters: 1(Long)
2018-07-26 20:17:44.771 [main] DEBUG com.zcb.o2o.dao.ShopDao.queryShopCount - <==      Total: 1
2018-07-26 20:52:22.934 [main] DEBUG com.zcb.o2o.dao.ShopDao.queryShopList - ==>  Preparing: SELECT s.shop_id, s.shop_name, s.shop_desc, s.shop_addr, s.phone, s.shop_img, s.priority, s.create_time, s.last_edit_time, s.enable_status, s.advice, a.area_id, a.area_name, sc.shop_category_id, sc.shop_category_name FROM tb_shop s, tb_area a, tb_shop_category sc WHERE s.shop_category_id = ? AND s.area_id=a.area_id AND s.shop_category_id = sc.shop_category_id ORDER BY s.priority DESC LIMIT ?,?; 
2018-07-26 20:52:22.959 [main] DEBUG com.zcb.o2o.dao.ShopDao.queryShopList - ==> Parameters: 1(Long), 0(Integer), 3(Integer)
2018-07-26 20:52:23.008 [main] DEBUG com.zcb.o2o.dao.ShopDao.queryShopList - <==      Total: 3
2018-07-26 20:52:23.016 [main] DEBUG com.zcb.o2o.dao.ShopDao.queryShopCount - ==>  Preparing: select count(1) from tb_shop s,tb_area a,tb_shop_category sc WHERE s.shop_category_id = ? AND s.area_id=a.area_id AND s.shop_category_id = sc.shop_category_id 
2018-07-26 20:52:23.016 [main] DEBUG com.zcb.o2o.dao.ShopDao.queryShopCount - ==> Parameters: 1(Long)
2018-07-26 20:52:23.034 [main] DEBUG com.zcb.o2o.dao.ShopDao.queryShopCount - <==      Total: 1
2018-07-26 20:53:18.836 [main] DEBUG com.zcb.o2o.dao.ShopDao.queryShopList - ==>  Preparing: SELECT s.shop_id, s.shop_name, s.shop_desc, s.shop_addr, s.phone, s.shop_img, s.priority, s.create_time, s.last_edit_time, s.enable_status, s.advice, a.area_id, a.area_name, sc.shop_category_id, sc.shop_category_name FROM tb_shop s, tb_area a, tb_shop_category sc WHERE s.shop_category_id = ? AND s.area_id=a.area_id AND s.shop_category_id = sc.shop_category_id ORDER BY s.priority DESC LIMIT ?,?; 
2018-07-26 20:53:18.861 [main] DEBUG com.zcb.o2o.dao.ShopDao.queryShopList - ==> Parameters: 1(Long), 4(Integer), 4(Integer)
2018-07-26 20:53:18.901 [main] DEBUG com.zcb.o2o.dao.ShopDao.queryShopList - <==      Total: 2
2018-07-26 20:53:18.908 [main] DEBUG com.zcb.o2o.dao.ShopDao.queryShopCount - ==>  Preparing: select count(1) from tb_shop s,tb_area a,tb_shop_category sc WHERE s.shop_category_id = ? AND s.area_id=a.area_id AND s.shop_category_id = sc.shop_category_id 
2018-07-26 20:53:18.909 [main] DEBUG com.zcb.o2o.dao.ShopDao.queryShopCount - ==> Parameters: 1(Long)
2018-07-26 20:53:18.925 [main] DEBUG com.zcb.o2o.dao.ShopDao.queryShopCount - <==      Total: 1
